{
  "stats": {
    "suites": 3,
    "tests": 6,
    "passes": 6,
    "pending": 0,
    "failures": 0,
    "start": "2018-05-15T09:59:58.077Z",
    "end": "2018-05-15T09:59:58.137Z",
    "duration": 60,
    "testsRegistered": 6,
    "passPercent": 100,
    "pendingPercent": 0,
    "other": 0,
    "hasOther": false,
    "skipped": 0,
    "hasSkipped": false,
    "passPercentClass": "success",
    "pendingPercentClass": "danger"
  },
  "suites": {
    "uuid": "19b041b5-2731-44b3-99ef-dc786830c1ac",
    "title": "",
    "fullFile": "",
    "file": "",
    "beforeHooks": [],
    "afterHooks": [],
    "tests": [],
    "suites": [
      {
        "uuid": "9d718528-222e-45dd-b2dc-84f518649fea",
        "title": "App",
        "fullFile": "/Users/MSKAIFE/Documents/src/react-starter-app/test/app.test.jsx",
        "file": "/test/app.test.jsx",
        "beforeHooks": [],
        "afterHooks": [],
        "tests": [
          {
            "title": "renders a single Header element",
            "fullTitle": "App renders a single Header element",
            "timedOut": false,
            "duration": 6,
            "state": "passed",
            "speed": "fast",
            "pass": true,
            "fail": false,
            "pending": false,
            "code": "var wrapper = (0, _enzyme.shallow)(_react2.default.createElement(_App2.default, null));\n(0, _chai.expect)(wrapper.find(_Header2.default)).to.have.length(1);",
            "err": {},
            "isRoot": false,
            "uuid": "77e5bc1f-361e-4855-b00a-96cf4b5c7bae",
            "isHook": false,
            "skipped": false
          }
        ],
        "suites": [],
        "passes": [
          "77e5bc1f-361e-4855-b00a-96cf4b5c7bae"
        ],
        "failures": [],
        "pending": [],
        "skipped": [],
        "duration": 6,
        "root": false,
        "rootEmpty": false,
        "_timeout": 2000
      },
      {
        "uuid": "50fce7b3-5a90-4cf8-9561-c8c6f211d057",
        "title": "Header",
        "fullFile": "/Users/MSKAIFE/Documents/src/react-starter-app/test/header.test.jsx",
        "file": "/test/header.test.jsx",
        "beforeHooks": [],
        "afterHooks": [],
        "tests": [
          {
            "title": "renders a single nav element",
            "fullTitle": "Header renders a single nav element",
            "timedOut": false,
            "duration": 6,
            "state": "passed",
            "speed": "fast",
            "pass": true,
            "fail": false,
            "pending": false,
            "code": "var wrapper = (0, _enzyme.shallow)(_react2.default.createElement(_Header2.default, null));\n(0, _chai.expect)(wrapper.find('nav').exists()).to.equal(true);\n(0, _chai.expect)(wrapper.find('nav')).to.have.length(1);",
            "err": {},
            "isRoot": false,
            "uuid": "042a05d6-2d7c-452c-ab3c-7c44d6349fbf",
            "isHook": false,
            "skipped": false
          },
          {
            "title": "renders two Link elements",
            "fullTitle": "Header renders two Link elements",
            "timedOut": false,
            "duration": 1,
            "state": "passed",
            "speed": "fast",
            "pass": true,
            "fail": false,
            "pending": false,
            "code": "var wrapper = (0, _enzyme.shallow)(_react2.default.createElement(_Header2.default, null));\n(0, _chai.expect)(wrapper.find(_reactRouterDom.Link)).to.have.length(2);",
            "err": {},
            "isRoot": false,
            "uuid": "9f0ec0af-aaf4-4467-b970-620d69e1ade6",
            "isHook": false,
            "skipped": false
          },
          {
            "title": "renders a link to the homepage first",
            "fullTitle": "Header renders a link to the homepage first",
            "timedOut": false,
            "duration": 0,
            "state": "passed",
            "speed": "fast",
            "pass": true,
            "fail": false,
            "pending": false,
            "code": "var wrapper = (0, _enzyme.shallow)(_react2.default.createElement(_Header2.default, null));\n(0, _chai.expect)(wrapper.find(_reactRouterDom.Link).first().props().to).to.equal('/');\n(0, _chai.expect)(wrapper.find(_reactRouterDom.Link).first().props().href).to.equal('/');",
            "err": {},
            "isRoot": false,
            "uuid": "2f289433-382e-4533-90c7-eff9cb2a9fc8",
            "isHook": false,
            "skipped": false
          },
          {
            "title": "renders a link to the About page second",
            "fullTitle": "Header renders a link to the About page second",
            "timedOut": false,
            "duration": 0,
            "state": "passed",
            "speed": "fast",
            "pass": true,
            "fail": false,
            "pending": false,
            "code": "var wrapper = (0, _enzyme.shallow)(_react2.default.createElement(_Header2.default, null));\n(0, _chai.expect)(wrapper.find(_reactRouterDom.Link).at(1).props().to).to.equal('about');\n(0, _chai.expect)(wrapper.find(_reactRouterDom.Link).at(1).props().href).to.equal('about');",
            "err": {},
            "isRoot": false,
            "uuid": "531600d9-003b-4131-8e38-8966787c0d49",
            "isHook": false,
            "skipped": false
          }
        ],
        "suites": [],
        "passes": [
          "042a05d6-2d7c-452c-ab3c-7c44d6349fbf",
          "9f0ec0af-aaf4-4467-b970-620d69e1ade6",
          "2f289433-382e-4533-90c7-eff9cb2a9fc8",
          "531600d9-003b-4131-8e38-8966787c0d49"
        ],
        "failures": [],
        "pending": [],
        "skipped": [],
        "duration": 7,
        "root": false,
        "rootEmpty": false,
        "_timeout": 2000
      },
      {
        "uuid": "b2125507-0544-4646-939e-5cca69e31a54",
        "title": "index",
        "fullFile": "/Users/MSKAIFE/Documents/src/react-starter-app/test/index.test.jsx",
        "file": "/test/index.test.jsx",
        "beforeHooks": [],
        "afterHooks": [],
        "tests": [
          {
            "title": "should work",
            "fullTitle": "index should work",
            "timedOut": false,
            "duration": 0,
            "state": "passed",
            "speed": "fast",
            "pass": true,
            "fail": false,
            "pending": false,
            "code": "(0, _chai.expect)(true).to.equal(true);",
            "err": {},
            "isRoot": false,
            "uuid": "b8241042-e6c9-4cd0-a0bc-92549354fe1b",
            "isHook": false,
            "skipped": false
          }
        ],
        "suites": [],
        "passes": [
          "b8241042-e6c9-4cd0-a0bc-92549354fe1b"
        ],
        "failures": [],
        "pending": [],
        "skipped": [],
        "duration": 0,
        "root": false,
        "rootEmpty": false,
        "_timeout": 2000
      }
    ],
    "passes": [],
    "failures": [],
    "pending": [],
    "skipped": [],
    "duration": 0,
    "root": true,
    "rootEmpty": true,
    "_timeout": 2000
  },
  "copyrightYear": 2018
}